  stdafx.cpp
  Bag.cpp
D:\Aaron\Study\C++\RPG\RPG\Bag.cpp(18,16): warning C4018: '<': signed/unsigned mismatch
D:\Aaron\Study\C++\RPG\RPG\Bag.cpp(29,21): warning C4018: '<': signed/unsigned mismatch
D:\Aaron\Study\C++\RPG\RPG\Bag.cpp(77,20): warning C4018: '<': signed/unsigned mismatch
D:\Aaron\Study\C++\RPG\RPG\Bag.cpp(96,20): warning C4018: '<': signed/unsigned mismatch
D:\Aaron\Study\C++\RPG\RPG\Bag.cpp(122,20): warning C4018: '<': signed/unsigned mismatch
  Clert.cpp
  DataBase.cpp
  DataRuler.cpp
  DataStruct.cpp
  Director.cpp
  Emitter.cpp
  Enemy.cpp
D:\Aaron\Study\C++\RPG\RPG\Enemy.cpp(134,20): warning C4018: '<': signed/unsigned mismatch
  Equipment.cpp
D:\Aaron\Study\C++\RPG\RPG\Equipment.cpp(20,21): warning C4018: '<': signed/unsigned mismatch
D:\Aaron\Study\C++\RPG\RPG\Equipment.cpp(43,16): warning C4018: '<': signed/unsigned mismatch
D:\Aaron\Study\C++\RPG\RPG\Equipment.cpp(63,20): warning C4018: '<': signed/unsigned mismatch
  Fire.cpp
D:\Aaron\Study\C++\RPG\RPG\Fire.cpp(80,20): warning C4018: '<': signed/unsigned mismatch
  Loading.cpp
D:\Aaron\Study\C++\RPG\RPG\Loading.cpp(34,10): warning C4244: '-=': conversion from 'double' to 'int', possible loss of data
D:\Aaron\Study\C++\RPG\RPG\Loading.cpp(37,10): warning C4244: '-=': conversion from 'double' to 'int', possible loss of data
D:\Aaron\Study\C++\RPG\RPG\Loading.cpp(40,10): warning C4244: '-=': conversion from 'double' to 'int', possible loss of data
D:\Aaron\Study\C++\RPG\RPG\Loading.cpp(43,10): warning C4244: '-=': conversion from 'double' to 'int', possible loss of data
  Map.cpp
  Menu.cpp
  Node.cpp
  NodeMenu.cpp
  NodeRoleSelect.cpp
D:\Aaron\Study\C++\RPG\RPG\NodeRoleSelect.cpp(32,34): warning C4018: '<': signed/unsigned mismatch
D:\Aaron\Study\C++\RPG\RPG\NodeRoleSelect.cpp(52,20): warning C4018: '<': signed/unsigned mismatch
  NPC.cpp
  PetStore.cpp
D:\Aaron\Study\C++\RPG\RPG\PetStore.cpp(50,20): warning C4018: '>=': signed/unsigned mismatch
D:\Aaron\Study\C++\RPG\RPG\PetStore.cpp(67,20): warning C4018: '<': signed/unsigned mismatch
  Player.cpp
D:\Aaron\Study\C++\RPG\RPG\Player.cpp(250,21): warning C4244: '-=': conversion from 'double' to 'int', possible loss of data
  RoleSelect.cpp
D:\Aaron\Study\C++\RPG\RPG\RoleSelect.cpp(73,34): warning C4018: '<': signed/unsigned mismatch
D:\Aaron\Study\C++\RPG\RPG\RoleSelect.cpp(93,20): warning C4018: '<': signed/unsigned mismatch
  Generating Code...
D:\Aaron\Study\C++\RPG\RPG\RoleSelect.cpp(46): warning C4715: 'cRoleSelect::getDataByID': not all control paths return a value
D:\Aaron\Study\C++\RPG\RPG\Node.cpp(60): warning C4715: 'cNode::getChildren': not all control paths return a value
D:\Aaron\Study\C++\RPG\RPG\Bag.cpp(118): warning C4715: 'cBag::takeGoods': not all control paths return a value
  Compiling...
  RPG.cpp
  Scene.cpp
  SceneBase.cpp
  SceneMain.cpp
  Store.cpp
D:\Aaron\Study\C++\RPG\RPG\Store.cpp(59,20): warning C4018: '>=': signed/unsigned mismatch
D:\Aaron\Study\C++\RPG\RPG\Store.cpp(76,20): warning C4018: '<': signed/unsigned mismatch
D:\Aaron\Study\C++\RPG\RPG\Store.cpp(97,20): warning C4018: '<': signed/unsigned mismatch
  Generating Code...
D:\Aaron\Study\C++\RPG\RPG\Store.cpp(155): warning C4715: 'cStore::armament': not all control paths return a value
  RPG.vcxproj -> D:\Aaron\Study\C++\RPG\Debug\RPG.exe
